c:\users\w007863c\downloads\directx 2\debug\vc120.pdb
c:\users\w007863c\downloads\directx 2\debug\vc120.idb
c:\users\w007863c\downloads\directx 2\debug\transform.obj
c:\users\w007863c\downloads\directx 2\debug\particlemodel.obj
c:\users\w007863c\downloads\directx 2\debug\objloader.obj
c:\users\w007863c\downloads\directx 2\debug\main.obj
c:\users\w007863c\downloads\directx 2\debug\gameobject.obj
c:\users\w007863c\downloads\directx 2\debug\ddstextureloader.obj
c:\users\w007863c\downloads\directx 2\debug\carparticlemodel.obj
c:\users\w007863c\downloads\directx 2\debug\car.obj
c:\users\w007863c\downloads\directx 2\debug\camera.obj
c:\users\w007863c\downloads\directx 2\debug\application.obj
c:\users\w007863c\downloads\directx 2\debug\appearance.obj
c:\users\w007863c\downloads\directx 2\debug\waypoint.obj
c:\users\w007863c\downloads\directx 2\debug\aicar.obj
c:\users\w007863c\downloads\directx 2\debug\dx11 framework.cso
c:\users\w007863c\downloads\directx 2\debug\dx11 framework.ilk
c:\users\w007863c\downloads\directx 2\debug\dx11 framework.exe
c:\users\w007863c\downloads\directx 2\debug\dx11 framework.pdb
c:\users\w007863c\downloads\directx 2\debug\dx11 framework.res
c:\users\w007863c\downloads\directx 2\debug\dx11 framework.tlog\cl.command.1.tlog
c:\users\w007863c\downloads\directx 2\debug\dx11 framework.tlog\cl.read.1.tlog
c:\users\w007863c\downloads\directx 2\debug\dx11 framework.tlog\cl.write.1.tlog
c:\users\w007863c\downloads\directx 2\debug\dx11 framework.tlog\dx11 framework.write.1u.tlog
c:\users\w007863c\downloads\directx 2\debug\dx11 framework.tlog\link.command.1.tlog
c:\users\w007863c\downloads\directx 2\debug\dx11 framework.tlog\link.read.1.tlog
c:\users\w007863c\downloads\directx 2\debug\dx11 framework.tlog\link.write.1.tlog
c:\users\w007863c\downloads\directx 2\debug\dx11 framework.tlog\rc.command.1.tlog
c:\users\w007863c\downloads\directx 2\debug\dx11 framework.tlog\rc.read.1.tlog
c:\users\w007863c\downloads\directx 2\debug\dx11 framework.tlog\rc.write.1.tlog
